<?xml version='1.1' encoding='UTF-8'?>
<result plugin="junit@1.53">
  <suites>
    <suite>
      <file>/var/jenkins_home/workspace/sc-automation-framework/src/test/resources/reports/2021-11-04_13-13/TEST-TestSuite.xml</file>
      <name>TestSuite</name>
      <stdout>13:14:33,711 |-INFO in ch.qos.logback.classic.LoggerContext[default] - Found resource [logback-test.xml] at [file:/var/jenkins_home/workspace/sc-automation-framework/target/test-classes/logback-test.xml]
13:14:34,053 |-INFO in ch.qos.logback.classic.joran.action.ConfigurationAction - debug attribute not set
13:14:34,055 |-INFO in ch.qos.logback.core.joran.action.AppenderAction - About to instantiate appender of type [ch.qos.logback.core.ConsoleAppender]
13:14:34,123 |-INFO in ch.qos.logback.core.joran.action.AppenderAction - Naming appender as [STDOUT]
13:14:34,205 |-INFO in ch.qos.logback.core.joran.action.NestedComplexPropertyIA - Assuming default type [ch.qos.logback.classic.encoder.PatternLayoutEncoder] for [encoder] property
13:14:34,863 |-INFO in ch.qos.logback.core.joran.action.AppenderAction - About to instantiate appender of type [ch.qos.logback.core.ConsoleAppender]
13:14:34,863 |-INFO in ch.qos.logback.core.joran.action.AppenderAction - Naming appender as [CONSOLE]
13:14:34,891 |-WARN in ch.qos.logback.core.ConsoleAppender[CONSOLE] - This appender no longer admits a layout as a sub-component, set an encoder instead.
13:14:34,891 |-WARN in ch.qos.logback.core.ConsoleAppender[CONSOLE] - To ensure compatibility, wrapping your layout in LayoutWrappingEncoder.
13:14:34,891 |-WARN in ch.qos.logback.core.ConsoleAppender[CONSOLE] - See also http://logback.qos.ch/codes.html#layoutInsteadOfEncoder for details
13:14:34,894 |-INFO in ch.qos.logback.classic.joran.action.LoggerAction - Setting level of logger [com.mkyong] to DEBUG
13:14:34,894 |-INFO in ch.qos.logback.classic.joran.action.LoggerAction - Setting additivity of logger [com.mkyong] to false
13:14:34,894 |-INFO in ch.qos.logback.core.joran.action.AppenderRefAction - Attaching appender named [CONSOLE] to Logger[com.mkyong]
13:14:34,899 |-INFO in ch.qos.logback.classic.joran.action.RootLoggerAction - Setting level of ROOT logger to INFO
13:14:34,899 |-INFO in ch.qos.logback.core.joran.action.AppenderRefAction - Attaching appender named [CONSOLE] to Logger[ROOT]
13:14:34,899 |-INFO in ch.qos.logback.classic.joran.action.ConfigurationAction - End of configuration.
13:14:34,921 |-INFO in ch.qos.logback.classic.joran.JoranConfigurator@1130520d - Registering current configuration as safe fallback point

[INFO ] 04 Nov 13:14:35 [c.s.c.a.f.b.TestBase : 32] - Running against environment: QA
[INFO ] 04 Nov 13:14:35 [c.s.c.a.f.b.TestBase : 40] - platformType: API
[INFO ] 04 Nov 13:14:35 [c.s.c.a.f.b.TestBase : 41] - browserName: CHROME
[INFO ] 04 Nov 13:14:35 [c.s.c.a.f.b.TestBase : 75] - API only tests
[INFO ] 04 Nov 13:14:36 [c.s.c.a.f.b.a.s.p.PetService : 26] - Requesting add new pet, expecting status code 200: Fluff Meister
[INFO ] 04 Nov 13:14:36 [c.s.c.a.f.b.a.c.EndpointLoader : 16] - Loading endpoint properties...
[INFO ] 04 Nov 13:14:37 [c.s.c.a.f.b.a.c.i.HttpLogger : 39] - ========================== Request =========================================
[INFO ] 04 Nov 13:14:37 [c.s.c.a.f.b.a.c.i.HttpLogger : 40] - Request: POST -&gt;https://petstore.swagger.io/v2/pet
[INFO ] 04 Nov 13:14:37 [c.s.c.a.f.b.a.c.i.HttpLogger : 41] - RequestHeader: 
{
  &quot;Accept&quot;: &quot;[application/json]&quot;,
  &quot;Content-Type&quot;: &quot;[application/json]&quot;
}
[INFO ] 04 Nov 13:14:37 [c.s.c.a.f.b.a.c.i.HttpLogger : 48] - RequestBody: 
{
  &quot;id&quot;: 33496,
  &quot;category&quot;: {
    &quot;id&quot;: 61070,
    &quot;name&quot;: &quot;English bulldog&quot;
  },
  &quot;name&quot;: &quot;Fluff Meister&quot;,
  &quot;photoUrls&quot;: [
    &quot;some.image.url.of.cool.pup&quot;
  ],
  &quot;tags&quot;: [
    {
      &quot;id&quot;: 99760,
      &quot;name&quot;: &quot;Dog&quot;
    }
  ],
  &quot;status&quot;: &quot;available&quot;
}
[INFO ] 04 Nov 13:14:42 [c.s.c.a.f.b.a.c.i.HttpLogger : 61] - ========================= Response ===========================================
[INFO ] 04 Nov 13:14:42 [c.s.c.a.f.b.a.c.i.HttpLogger : 66] - Status code : 200
[WARN ] 04 Nov 13:14:42 [c.s.c.a.f.b.a.c.i.HttpLogger : 73] - Response time: 4.84 sec
[INFO ] 04 Nov 13:14:42 [c.s.c.a.f.b.a.c.i.HttpLogger : 79] - ResponseBody: 
{
  &quot;id&quot;: 33496,
  &quot;category&quot;: {
    &quot;id&quot;: 61070,
    &quot;name&quot;: &quot;English bulldog&quot;
  },
  &quot;name&quot;: &quot;Fluff Meister&quot;,
  &quot;photoUrls&quot;: [
    &quot;some.image.url.of.cool.pup&quot;
  ],
  &quot;tags&quot;: [
    {
      &quot;id&quot;: 99760,
      &quot;name&quot;: &quot;Dog&quot;
    }
  ],
  &quot;status&quot;: &quot;available&quot;
}
[INFO ] 04 Nov 13:14:43 [c.s.c.a.f.b.a.s.p.PetService : 46] - Running assertions for POST Pet Request against Response: Fluff Meister
[INFO ] 04 Nov 13:14:43 [c.s.c.a.f.b.a.s.p.PetService : 77] - Trigger assertions
[INFO ] 04 Nov 13:14:43 [c.s.c.a.f.b.a.s.p.PetService : 80] - All assertions successful for POST Add Pet Request against Response
[INFO ] 04 Nov 13:14:43 [c.s.c.a.f.b.a.s.p.PetService : 37] - Requesting add new pet, expecting exception with status code 400: Doggie
[INFO ] 04 Nov 13:14:43 [c.s.c.a.f.b.a.c.i.HttpLogger : 39] - ========================== Request =========================================
[INFO ] 04 Nov 13:14:43 [c.s.c.a.f.b.a.c.i.HttpLogger : 40] - Request: POST -&gt;https://petstore.swagger.io/v2/pet
[INFO ] 04 Nov 13:14:43 [c.s.c.a.f.b.a.c.i.HttpLogger : 41] - RequestHeader: 
{
  &quot;Accept&quot;: &quot;[application/json]&quot;,
  &quot;Content-Type&quot;: &quot;[application/json]&quot;
}
[INFO ] 04 Nov 13:14:43 [c.s.c.a.f.b.a.c.i.HttpLogger : 48] - RequestBody: 
{
  &quot;id&quot;: 0,
  &quot;category&quot;: {
    &quot;id&quot;: 0,
    &quot;name&quot;: &quot;Some Category&quot;
  },
  &quot;name&quot;: &quot;Doggie&quot;,
  &quot;photoUrls&quot;: [
    &quot;some.image.url&quot;
  ],
  &quot;tags&quot;: [
    {
      &quot;id&quot;: 0,
      &quot;name&quot;: &quot;Some Tag&quot;
    }
  ]
}
[INFO ] 04 Nov 13:14:45 [c.s.c.a.f.b.a.c.i.HttpLogger : 61] - ========================= Response ===========================================
[INFO ] 04 Nov 13:14:45 [c.s.c.a.f.b.a.c.i.HttpLogger : 66] - Status code : 200
[INFO ] 04 Nov 13:14:45 [c.s.c.a.f.b.a.c.i.HttpLogger : 75] - Response time: 1.94 sec
[INFO ] 04 Nov 13:14:45 [c.s.c.a.f.b.a.c.i.HttpLogger : 79] - ResponseBody: 
{
  &quot;id&quot;: 9223372000001156965,
  &quot;category&quot;: {
    &quot;id&quot;: 0,
    &quot;name&quot;: &quot;Some Category&quot;
  },
  &quot;name&quot;: &quot;Doggie&quot;,
  &quot;photoUrls&quot;: [
    &quot;some.image.url&quot;
  ],
  &quot;tags&quot;: [
    {
      &quot;id&quot;: 0,
      &quot;name&quot;: &quot;Some Tag&quot;
    }
  ]
}
[INFO ] 04 Nov 13:14:45 [c.s.c.a.f.b.TestBase : 82] - Selenium Driver closed
[INFO ] 04 Nov 13:14:45 [c.s.c.a.f.b.TestBase : 40] - platformType: API
[INFO ] 04 Nov 13:14:45 [c.s.c.a.f.b.TestBase : 41] - browserName: CHROME
[INFO ] 04 Nov 13:14:45 [c.s.c.a.f.b.TestBase : 75] - API only tests
[INFO ] 04 Nov 13:14:45 [c.s.c.a.f.b.a.s.p.PetService : 86] - Requesting edit existing pet, expecting status code 200: Fluff Meister
[INFO ] 04 Nov 13:14:45 [c.s.c.a.f.b.a.c.i.HttpLogger : 39] - ========================== Request =========================================
[INFO ] 04 Nov 13:14:45 [c.s.c.a.f.b.a.c.i.HttpLogger : 40] - Request: PUT -&gt;https://petstore.swagger.io/v2/pet
[INFO ] 04 Nov 13:14:45 [c.s.c.a.f.b.a.c.i.HttpLogger : 41] - RequestHeader: 
{
  &quot;Accept&quot;: &quot;[application/json]&quot;,
  &quot;Content-Type&quot;: &quot;[application/json]&quot;
}
[INFO ] 04 Nov 13:14:45 [c.s.c.a.f.b.a.c.i.HttpLogger : 48] - RequestBody: 
{
  &quot;id&quot;: 67849,
  &quot;category&quot;: {
    &quot;id&quot;: 48312,
    &quot;name&quot;: &quot;English bulldog&quot;
  },
  &quot;name&quot;: &quot;Fluff Meister&quot;,
  &quot;photoUrls&quot;: [
    &quot;some.image.url.of.cool.pup&quot;
  ],
  &quot;tags&quot;: [
    {
      &quot;id&quot;: 30188,
      &quot;name&quot;: &quot;Dog&quot;
    }
  ],
  &quot;status&quot;: &quot;available&quot;
}
[INFO ] 04 Nov 13:14:47 [c.s.c.a.f.b.a.c.i.HttpLogger : 61] - ========================= Response ===========================================
[INFO ] 04 Nov 13:14:47 [c.s.c.a.f.b.a.c.i.HttpLogger : 66] - Status code : 200
[INFO ] 04 Nov 13:14:47 [c.s.c.a.f.b.a.c.i.HttpLogger : 75] - Response time: 1.79 sec
[INFO ] 04 Nov 13:14:47 [c.s.c.a.f.b.a.c.i.HttpLogger : 79] - ResponseBody: 
{
  &quot;id&quot;: 67849,
  &quot;category&quot;: {
    &quot;id&quot;: 48312,
    &quot;name&quot;: &quot;English bulldog&quot;
  },
  &quot;name&quot;: &quot;Fluff Meister&quot;,
  &quot;photoUrls&quot;: [
    &quot;some.image.url.of.cool.pup&quot;
  ],
  &quot;tags&quot;: [
    {
      &quot;id&quot;: 30188,
      &quot;name&quot;: &quot;Dog&quot;
    }
  ],
  &quot;status&quot;: &quot;available&quot;
}
[INFO ] 04 Nov 13:14:47 [c.s.c.a.f.b.a.s.p.PetService : 95] - Running assertions for PUT Pet Request against Response: Fluff Meister
[INFO ] 04 Nov 13:14:47 [c.s.c.a.f.b.a.s.p.PetService : 126] - Trigger assertions
[INFO ] 04 Nov 13:14:47 [c.s.c.a.f.b.a.s.p.PetService : 129] - All assertions successful for POST Add Pet Request against Response
[INFO ] 04 Nov 13:14:47 [c.s.c.a.f.b.TestBase : 82] - Selenium Driver closed
</stdout>
      <duration>20.209</duration>
      <time>15.108</time>
      <nodeId>23</nodeId>
      <enclosingBlocks>
        <string>16</string>
      </enclosingBlocks>
      <enclosingBlockNames>
        <string>Build</string>
      </enclosingBlockNames>
      <cases>
        <case>
          <duration>7.249</duration>
          <className>com.sprite.cloud.automation.framework.api.functional.PostPetTest</className>
          <testName>addPetSuccessfullyTest</testName>
          <skipped>false</skipped>
          <stdout>13:14:33,711 |-INFO in ch.qos.logback.classic.LoggerContext[default] - Found resource [logback-test.xml] at [file:/var/jenkins_home/workspace/sc-automation-framework/target/test-classes/logback-test.xml]
13:14:34,053 |-INFO in ch.qos.logback.classic.joran.action.ConfigurationAction - debug attribute not set
13:14:34,055 |-INFO in ch.qos.logback.core.joran.action.AppenderAction - About to instantiate appender of type [ch.qos.logback.core.ConsoleAppender]
13:14:34,123 |-INFO in ch.qos.logback.core
...[truncated 3553 chars]...
ter&quot;,
  &quot;photoUrls&quot;: [
    &quot;some.image.url.of.cool.pup&quot;
  ],
  &quot;tags&quot;: [
    {
      &quot;id&quot;: 99760,
      &quot;name&quot;: &quot;Dog&quot;
    }
  ],
  &quot;status&quot;: &quot;available&quot;
}
[INFO ] 04 Nov 13:14:43 [c.s.c.a.f.b.a.s.p.PetService : 46] - Running assertions for POST Pet Request against Response: Fluff Meister
[INFO ] 04 Nov 13:14:43 [c.s.c.a.f.b.a.s.p.PetService : 77] - Trigger assertions
[INFO ] 04 Nov 13:14:43 [c.s.c.a.f.b.a.s.p.PetService : 80] - All assertions successful for POST Add Pet Request against Response
</stdout>
          <failedSince>0</failedSince>
        </case>
        <case>
          <duration>2.141</duration>
          <className>com.sprite.cloud.automation.framework.api.functional.PostPetTest</className>
          <testName>addPetUnsuccessfullyTest</testName>
          <skipped>false</skipped>
          <errorStackTrace>java.lang.AssertionError: Unable to unsuccessfully add new pet: Doggie expected [400] but found [200]
	at com.sprite.cloud.automation.framework.api.functional.PostPetTest.addPetUnsuccessfullyTest(PostPetTest.java:59)
</errorStackTrace>
          <errorDetails>Unable to unsuccessfully add new pet: Doggie expected [400] but found [200]</errorDetails>
          <stdout>[INFO ] 04 Nov 13:14:43 [c.s.c.a.f.b.a.s.p.PetService : 37] - Requesting add new pet, expecting exception with status code 400: Doggie
[INFO ] 04 Nov 13:14:43 [c.s.c.a.f.b.a.c.i.HttpLogger : 39] - ========================== Request =========================================
[INFO ] 04 Nov 13:14:43 [c.s.c.a.f.b.a.c.i.HttpLogger : 40] - Request: POST -&gt;https://petstore.swagger.io/v2/pet
[INFO ] 04 Nov 13:14:43 [c.s.c.a.f.b.a.c.i.HttpLogger : 41] - RequestHeader: 
{
  &quot;Accept&quot;: &quot;[application/json]&quot;,
  &quot;Content-Type&quot;: &quot;[application/json]&quot;
}
[INFO ] 04 Nov 13:14:43 [c.s.c.a.f.b.a.c.i.HttpLogger : 48] - RequestBody: 
{
  &quot;id&quot;: 0,
  &quot;category&quot;: {
    &quot;id&quot;: 0,
    &quot;name&quot;: &quot;Some Category&quot;
  },
  &quot;name&quot;: &quot;Doggie&quot;,
  &quot;photoUrls&quot;: [
    &quot;some.image.url&quot;
  ],
  &quot;tags&quot;: [
    {
      &quot;id&quot;: 0,
      &quot;name&quot;: &quot;Some Tag&quot;
    }
  ]
}
[INFO ] 04 Nov 13:14:45 [c.s.c.a.f.b.a.c.i.HttpLogger : 61] - ========================= Response ===========================================
[INFO ] 04 Nov 13:14:45 [c.s.c.a.f.b.a.c.i.HttpLogger : 66] - Status code : 200
[INFO ] 04 Nov 13:14:45 [c.s.c.a.f.b.a.c.i.HttpLogger : 75] - Response time: 1.94 sec
[INFO ] 04 Nov 13:14:45 [c.s.c.a.f.b.a.c.i.HttpLogger : 79] - ResponseBody: 
{
  &quot;id&quot;: 9223372000001156965,
  &quot;category&quot;: {
    &quot;id&quot;: 0,
    &quot;name&quot;: &quot;Some Category&quot;
  },
  &quot;name&quot;: &quot;Doggie&quot;,
  &quot;photoUrls&quot;: [
    &quot;some.image.url&quot;
  ],
  &quot;tags&quot;: [
    {
      &quot;id&quot;: 0,
      &quot;name&quot;: &quot;Some Tag&quot;
    }
  ]
}
</stdout>
          <failedSince>9</failedSince>
        </case>
        <case>
          <duration>2.008</duration>
          <className>com.sprite.cloud.automation.framework.api.functional.PutPetTest</className>
          <testName>editPetSuccessfullyTest</testName>
          <skipped>false</skipped>
          <stdout>[INFO ] 04 Nov 13:14:45 [c.s.c.a.f.b.TestBase : 82] - Selenium Driver closed
[INFO ] 04 Nov 13:14:45 [c.s.c.a.f.b.TestBase : 40] - platformType: API
[INFO ] 04 Nov 13:14:45 [c.s.c.a.f.b.TestBase : 41] - browserName: CHROME
[INFO ] 04 Nov 13:14:45 [c.s.c.a.f.b.TestBase : 75] - API only tests
[INFO ] 04 Nov 13:14:45 [c.s.c.a.f.b.a.s.p.PetService : 86] - Requesting edit existing pet, expecting status code 200: Fluff Meister
[INFO ] 04 Nov 13:14:45 [c.s.c.a.f.b.a.c.i.HttpLogger : 39] - =============
...[truncated 1159 chars]...
er&quot;,
  &quot;photoUrls&quot;: [
    &quot;some.image.url.of.cool.pup&quot;
  ],
  &quot;tags&quot;: [
    {
      &quot;id&quot;: 30188,
      &quot;name&quot;: &quot;Dog&quot;
    }
  ],
  &quot;status&quot;: &quot;available&quot;
}
[INFO ] 04 Nov 13:14:47 [c.s.c.a.f.b.a.s.p.PetService : 95] - Running assertions for PUT Pet Request against Response: Fluff Meister
[INFO ] 04 Nov 13:14:47 [c.s.c.a.f.b.a.s.p.PetService : 126] - Trigger assertions
[INFO ] 04 Nov 13:14:47 [c.s.c.a.f.b.a.s.p.PetService : 129] - All assertions successful for POST Add Pet Request against Response
</stdout>
          <failedSince>0</failedSince>
        </case>
        <case>
          <duration>2.152</duration>
          <className>com.sprite.cloud.automation.framework.api.functional.PostPetTest</className>
          <testName>addPetSuccessfullyTest</testName>
          <skipped>false</skipped>
          <stdout>13:09:05,908 |-INFO in ch.qos.logback.classic.LoggerContext[default] - Found resource [logback-test.xml] at [file:/var/jenkins_home/workspace/sc-automation-framework/target/test-classes/logback-test.xml]
13:09:05,937 |-INFO in ch.qos.logback.classic.joran.action.ConfigurationAction - debug attribute not set
13:09:05,937 |-INFO in ch.qos.logback.core.joran.action.AppenderAction - About to instantiate appender of type [ch.qos.logback.core.ConsoleAppender]
13:09:05,941 |-INFO in ch.qos.logback.core
...[truncated 3553 chars]...
ter&quot;,
  &quot;photoUrls&quot;: [
    &quot;some.image.url.of.cool.pup&quot;
  ],
  &quot;tags&quot;: [
    {
      &quot;id&quot;: 91647,
      &quot;name&quot;: &quot;Dog&quot;
    }
  ],
  &quot;status&quot;: &quot;available&quot;
}
[INFO ] 04 Nov 13:09:08 [c.s.c.a.f.b.a.s.p.PetService : 46] - Running assertions for POST Pet Request against Response: Fluff Meister
[INFO ] 04 Nov 13:09:08 [c.s.c.a.f.b.a.s.p.PetService : 77] - Trigger assertions
[INFO ] 04 Nov 13:09:08 [c.s.c.a.f.b.a.s.p.PetService : 80] - All assertions successful for POST Add Pet Request against Response
</stdout>
          <failedSince>0</failedSince>
        </case>
        <case>
          <duration>1.226</duration>
          <className>com.sprite.cloud.automation.framework.api.functional.PostPetTest</className>
          <testName>addPetUnsuccessfullyTest</testName>
          <skipped>false</skipped>
          <errorStackTrace>java.lang.AssertionError: Unable to unsuccessfully add new pet: Doggie expected [400] but found [200]
	at com.sprite.cloud.automation.framework.api.functional.PostPetTest.addPetUnsuccessfullyTest(PostPetTest.java:59)
</errorStackTrace>
          <errorDetails>Unable to unsuccessfully add new pet: Doggie expected [400] but found [200]</errorDetails>
          <stdout>[INFO ] 04 Nov 13:09:08 [c.s.c.a.f.b.a.s.p.PetService : 37] - Requesting add new pet, expecting exception with status code 400: Doggie
[INFO ] 04 Nov 13:09:08 [c.s.c.a.f.b.a.c.i.HttpLogger : 39] - ========================== Request =========================================
[INFO ] 04 Nov 13:09:08 [c.s.c.a.f.b.a.c.i.HttpLogger : 40] - Request: POST -&gt;https://petstore.swagger.io/v2/pet
[INFO ] 04 Nov 13:09:08 [c.s.c.a.f.b.a.c.i.HttpLogger : 41] - RequestHeader: 
{
  &quot;Accept&quot;: &quot;[application/json]&quot;,
  &quot;Content-Type&quot;: &quot;[application/json]&quot;
}
[INFO ] 04 Nov 13:09:08 [c.s.c.a.f.b.a.c.i.HttpLogger : 48] - RequestBody: 
{
  &quot;id&quot;: 0,
  &quot;category&quot;: {
    &quot;id&quot;: 0,
    &quot;name&quot;: &quot;Some Category&quot;
  },
  &quot;name&quot;: &quot;Doggie&quot;,
  &quot;photoUrls&quot;: [
    &quot;some.image.url&quot;
  ],
  &quot;tags&quot;: [
    {
      &quot;id&quot;: 0,
      &quot;name&quot;: &quot;Some Tag&quot;
    }
  ]
}
[INFO ] 04 Nov 13:09:09 [c.s.c.a.f.b.a.c.i.HttpLogger : 61] - ========================= Response ===========================================
[INFO ] 04 Nov 13:09:09 [c.s.c.a.f.b.a.c.i.HttpLogger : 66] - Status code : 200
[INFO ] 04 Nov 13:09:09 [c.s.c.a.f.b.a.c.i.HttpLogger : 75] - Response time: 1.21 sec
[INFO ] 04 Nov 13:09:09 [c.s.c.a.f.b.a.c.i.HttpLogger : 79] - ResponseBody: 
{
  &quot;id&quot;: 9223372000001156946,
  &quot;category&quot;: {
    &quot;id&quot;: 0,
    &quot;name&quot;: &quot;Some Category&quot;
  },
  &quot;name&quot;: &quot;Doggie&quot;,
  &quot;photoUrls&quot;: [
    &quot;some.image.url&quot;
  ],
  &quot;tags&quot;: [
    {
      &quot;id&quot;: 0,
      &quot;name&quot;: &quot;Some Tag&quot;
    }
  ]
}
</stdout>
          <failedSince>9</failedSince>
        </case>
        <case>
          <duration>1.189</duration>
          <className>com.sprite.cloud.automation.framework.api.functional.PutPetTest</className>
          <testName>editPetSuccessfullyTest</testName>
          <skipped>false</skipped>
          <stdout>[INFO ] 04 Nov 13:09:09 [c.s.c.a.f.b.TestBase : 82] - Selenium Driver closed
[INFO ] 04 Nov 13:09:09 [c.s.c.a.f.b.TestBase : 40] - platformType: API
[INFO ] 04 Nov 13:09:09 [c.s.c.a.f.b.TestBase : 41] - browserName: CHROME
[INFO ] 04 Nov 13:09:09 [c.s.c.a.f.b.TestBase : 75] - API only tests
[INFO ] 04 Nov 13:09:09 [c.s.c.a.f.b.a.s.p.PetService : 86] - Requesting edit existing pet, expecting status code 200: Fluff Meister
[INFO ] 04 Nov 13:09:09 [c.s.c.a.f.b.a.c.i.HttpLogger : 39] - =============
...[truncated 1159 chars]...
er&quot;,
  &quot;photoUrls&quot;: [
    &quot;some.image.url.of.cool.pup&quot;
  ],
  &quot;tags&quot;: [
    {
      &quot;id&quot;: 55044,
      &quot;name&quot;: &quot;Dog&quot;
    }
  ],
  &quot;status&quot;: &quot;available&quot;
}
[INFO ] 04 Nov 13:09:10 [c.s.c.a.f.b.a.s.p.PetService : 95] - Running assertions for PUT Pet Request against Response: Fluff Meister
[INFO ] 04 Nov 13:09:10 [c.s.c.a.f.b.a.s.p.PetService : 126] - Trigger assertions
[INFO ] 04 Nov 13:09:10 [c.s.c.a.f.b.a.s.p.PetService : 129] - All assertions successful for POST Add Pet Request against Response
</stdout>
          <failedSince>0</failedSince>
        </case>
      </cases>
    </suite>
  </suites>
  <duration>20.209</duration>
  <keepLongStdio>false</keepLongStdio>
</result>